{
  "0 debug pnpm:scope": {
    "selected": 1,
    "workspacePrefix": "/Users/seven/WebProjects/bygsn/release-20240110"
  },
  "1 error pnpm": {
    "errno": 1,
    "code": "ELIFECYCLE",
    "pkgid": "release-20240110@1.0.0",
    "stage": "dev:app",
    "script": "pnpm --filter @release/app serve",
    "pkgname": "release-20240110",
    "err": {
      "name": "pnpm",
      "message": "release-20240110@1.0.0 dev:app: `pnpm --filter @release/app serve`\nExit status 1",
      "code": "ELIFECYCLE",
      "stack": "pnpm: release-20240110@1.0.0 dev:app: `pnpm --filter @release/app serve`\nExit status 1\n    at EventEmitter.<anonymous> (/Users/seven/.config/yarn/global/node_modules/pnpm/dist/pnpm.cjs:105664:20)\n    at EventEmitter.emit (node:events:526:28)\n    at ChildProcess.<anonymous> (/Users/seven/.config/yarn/global/node_modules/pnpm/dist/pnpm.cjs:92211:18)\n    at ChildProcess.emit (node:events:526:28)\n    at maybeClose (node:internal/child_process:1092:16)\n    at Process.ChildProcess._handle.onexit (node:internal/child_process:302:5)"
    }
  },
  "2 warn pnpm:global": " Local package.json exists, but node_modules missing, did you mean to install?"
}